2019-07-13T10:50:27+00:00 INFO Generating payment form for order 1006. Notify URL: https://catwalk-club.com/wc-api/WC_Gateway_Paypal/
2019-07-13T10:50:27+00:00 INFO PayPal Request Args for order 1006: Array
(
    [cmd] => _cart
    [business] => sb-drawc17030@business.example.com
    [no_note] => 1
    [currency_code] => GBP
    [charset] => utf-8
    [rm] => 2
    [upload] => 1
    [return] => https://catwalk-club.com/checkout/order-received/1006/?key=wc_order_eo8R4GgZV9E2Q&utm_nooverride=1
    [cancel_return] => https://catwalk-club.com/cart/?cancel_order=true&order=wc_order_eo8R4GgZV9E2Q&order_id=1006&redirect&_wpnonce=4fd7dac60c
    [page_style] => 
    [image_url] => 
    [paymentaction] => sale
    [invoice] => CC-1006
    [custom] => {"order_id":1006,"order_key":"wc_order_eo8R4GgZV9E2Q"}
    [notify_url] => https://catwalk-club.com/wc-api/WC_Gateway_Paypal/
    [first_name] => ***
    [last_name] => ***
    [address1] => ***
    [address2] => ***
    [city] => ***
    [state] => ***
    [zip] => ***
    [country] => ***
    [email] => ***@***
    [night_phone_a] => ***
    [night_phone_b] => ***
    [address_override] => 0
    [no_shipping] => 0
    [tax_cart] => 0.00
    [item_name_1] => Lady Dior Mini
    [quantity_1] => 1
    [amount_1] => 70.68
    [item_number_1] => 
    [bn] => WooThemes_Cart
)

